<?xml version="1.0" encoding="UTF-8"?>
<!-- Generated by org.testng.reporters.JUnitXMLReporter -->
<testsuite ignored="0" hostname="iamxerrycan-Vostro-15-3568" failures="1" tests="4" name="Command line test" time="64.862" errors="0" timestamp="2025-07-31T13:02:28 IST">
  <testcase classname="com.janitri.tests.LoginTest" name="testInvalidLoginShowsErrorMessage" time="11.013"/>
  <testcase classname="com.janitri.tests.LoginTest" name="testLoginButtonDisabledWhenFieldsAreEmpty" time="4.785">
    <failure type="java.lang.AssertionError" message="Login button should be disabled when fields are empty expected [false] but found [true]">
      <![CDATA[java.lang.AssertionError: Login button should be disabled when fields are empty expected [false] but found [true]
at com.janitri.tests.LoginTest.testLoginButtonDisabledWhenFieldsAreEmpty(LoginTest.java:17)
at java.base/java.util.ArrayList.forEach(ArrayList.java:1596)
... Removed 36 stack frames]]>
    </failure>
  </testcase> <!-- testLoginButtonDisabledWhenFieldsAreEmpty -->
  <testcase classname="com.janitri.tests.LoginTest" name="testPasswordMaskedToggle" time="4.919"/>
  <testcase classname="com.janitri.tests.LoginTest" name="testUIElementsPresent" time="0.582"/>
</testsuite> <!-- Command line test -->
