-------------------------------------------------------------------------------
Test set: TestSuite
-------------------------------------------------------------------------------
Tests run: 4, Failures: 1, Errors: 0, Skipped: 0, Time elapsed: 66.845 sec <<< FAILURE!
testLoginButtonDisabledWhenFieldsAreEmpty(com.janitri.tests.LoginTest)  Time elapsed: 4.815 sec  <<< FAILURE!
java.lang.AssertionError: Login button should be disabled when fields are empty expected [false] but found [true]
	at org.testng.Assert.fail(Assert.java:111)
	at org.testng.Assert.failNotEquals(Assert.java:1578)
	at org.testng.Assert.assertFalse(Assert.java:79)
	at com.janitri.tests.LoginTest.testLoginButtonDisabledWhenFieldsAreEmpty(LoginTest.java:17)

